<?xml version="1.0" encoding="UTF-8"?>
<!-- Generated by org.testng.reporters.JUnitXMLReporter -->
<testsuite ignored="0" hostname="LAPTOP-GA2PV6SN" failures="0" tests="4" name="Test" time="0.053" errors="0" timestamp="2023-03-10T16:10:08 IST">
  <testcase classname="gitbashdemo.DemoTest" name="test1" time="0.007"/>
  <testcase classname="gitbashdemo.DemoTest" name="test2" time="0.001"/>
  <testcase classname="gitbashdemo.Demo2Test" name="test1" time="0.001"/>
  <testcase classname="gitbashdemo.Demo2Test" name="test2" time="0.001"/>
</testsuite> <!-- Test -->
