<?xml version="1.0" encoding="UTF-8"?>
<!-- Generated by org.testng.reporters.JUnitXMLReporter -->
<testsuite ignored="0" hostname="LAPTOP-GA2PV6SN" failures="0" tests="4" name="Test" time="0.078" errors="0" timestamp="2023-03-10T13:02:04 IST">
  <testcase classname="gitbashdemo.DemoTest" name="test1" time="0.012"/>
  <testcase classname="gitbashdemo.DemoTest" name="test2" time="0.002"/>
  <testcase classname="gitbashdemo.DemoTest2" name="test1" time="0.001"/>
  <testcase classname="gitbashdemo.DemoTest2" name="test2" time="0.002"/>
</testsuite> <!-- Test -->
