<?xml version="1.0" encoding="UTF-8"?>
<testng-results ignored="0" total="4" passed="4" failed="0" skipped="0">
  <reporter-output>
  </reporter-output>
  <suite started-at="2023-03-10T16:10:08 IST" name="Suite" finished-at="2023-03-10T16:10:08 IST" duration-ms="53">
    <groups>
    </groups>
    <test started-at="2023-03-10T16:10:08 IST" name="Test" finished-at="2023-03-10T16:10:08 IST" duration-ms="53">
      <class name="gitbashdemo.DemoTest">
        <test-method signature="test1()[pri:0, instance:gitbashdemo.DemoTest@3e84448c]" started-at="2023-03-10T16:10:08 IST" name="test1" finished-at="2023-03-10T16:10:08 IST" duration-ms="7" status="PASS">
          <reporter-output>
          </reporter-output>
        </test-method> <!-- test1 -->
        <test-method signature="test2()[pri:0, instance:gitbashdemo.DemoTest@3e84448c]" started-at="2023-03-10T16:10:08 IST" name="test2" finished-at="2023-03-10T16:10:08 IST" duration-ms="1" status="PASS">
          <reporter-output>
          </reporter-output>
        </test-method> <!-- test2 -->
      </class> <!-- gitbashdemo.DemoTest -->
      <class name="gitbashdemo.Demo2Test">
        <test-method signature="test1()[pri:0, instance:gitbashdemo.Demo2Test@53fdffa1]" started-at="2023-03-10T16:10:08 IST" name="test1" finished-at="2023-03-10T16:10:08 IST" duration-ms="1" status="PASS">
          <reporter-output>
          </reporter-output>
        </test-method> <!-- test1 -->
        <test-method signature="test2()[pri:0, instance:gitbashdemo.Demo2Test@53fdffa1]" started-at="2023-03-10T16:10:08 IST" name="test2" finished-at="2023-03-10T16:10:08 IST" duration-ms="1" status="PASS">
          <reporter-output>
          </reporter-output>
        </test-method> <!-- test2 -->
      </class> <!-- gitbashdemo.Demo2Test -->
    </test> <!-- Test -->
  </suite> <!-- Suite -->
</testng-results>
